Performing C SOURCE FILE Test CMAKE_HAVE_LIBC_PTHREAD failed with the following output:
Change Dir: /home/john/Project/MyLearning/scanAPP/bin/CMakeFiles/CMakeScratch/TryCompile-BHvj0m

Run Build Command(s):/usr/bin/make -f Makefile cmTC_c44b9/fast && /usr/bin/make  -f CMakeFiles/cmTC_c44b9.dir/build.make CMakeFiles/cmTC_c44b9.dir/build
make[1]: 进入目录“/home/john/Project/MyLearning/scanAPP/bin/CMakeFiles/CMakeScratch/TryCompile-BHvj0m”
Building C object CMakeFiles/cmTC_c44b9.dir/src.c.o
/usr/bin/cc -DCMAKE_HAVE_LIBC_PTHREAD  -fPIC  -o CMakeFiles/cmTC_c44b9.dir/src.c.o -c /home/john/Project/MyLearning/scanAPP/bin/CMakeFiles/CMakeScratch/TryCompile-BHvj0m/src.c
Linking C executable cmTC_c44b9
/usr/local/bin/cmake -E cmake_link_script CMakeFiles/cmTC_c44b9.dir/link.txt --verbose=1
/usr/bin/cc -fPIC  -rdynamic CMakeFiles/cmTC_c44b9.dir/src.c.o -o cmTC_c44b9 
/usr/bin/ld: CMakeFiles/cmTC_c44b9.dir/src.c.o: in function `main':
src.c:(.text+0x46): undefined reference to `pthread_create'
/usr/bin/ld: src.c:(.text+0x52): undefined reference to `pthread_detach'
/usr/bin/ld: src.c:(.text+0x5e): undefined reference to `pthread_cancel'
/usr/bin/ld: src.c:(.text+0x6f): undefined reference to `pthread_join'
collect2: error: ld returned 1 exit status
make[1]: *** [CMakeFiles/cmTC_c44b9.dir/build.make:99：cmTC_c44b9] 错误 1
make[1]: 离开目录“/home/john/Project/MyLearning/scanAPP/bin/CMakeFiles/CMakeScratch/TryCompile-BHvj0m”
make: *** [Makefile:127：cmTC_c44b9/fast] 错误 2


Source file was:
#include <pthread.h>

static void* test_func(void* data)
{
  return data;
}

int main(void)
{
  pthread_t thread;
  pthread_create(&thread, NULL, test_func, NULL);
  pthread_detach(thread);
  pthread_cancel(thread);
  pthread_join(thread, NULL);
  pthread_atfork(NULL, NULL, NULL);
  pthread_exit(NULL);

  return 0;
}


Determining if the function pthread_create exists in the pthreads failed with the following output:
Change Dir: /home/john/Project/MyLearning/scanAPP/bin/CMakeFiles/CMakeScratch/TryCompile-fsbDPn

Run Build Command(s):/usr/bin/make -f Makefile cmTC_33e63/fast && /usr/bin/make  -f CMakeFiles/cmTC_33e63.dir/build.make CMakeFiles/cmTC_33e63.dir/build
make[1]: 进入目录“/home/john/Project/MyLearning/scanAPP/bin/CMakeFiles/CMakeScratch/TryCompile-fsbDPn”
Building C object CMakeFiles/cmTC_33e63.dir/CheckFunctionExists.c.o
/usr/bin/cc   -fPIC -DCHECK_FUNCTION_EXISTS=pthread_create -o CMakeFiles/cmTC_33e63.dir/CheckFunctionExists.c.o -c /home/john/Project/MyLearning/scanAPP/bin/CMakeFiles/CMakeScratch/TryCompile-fsbDPn/CheckFunctionExists.c
Linking C executable cmTC_33e63
/usr/local/bin/cmake -E cmake_link_script CMakeFiles/cmTC_33e63.dir/link.txt --verbose=1
/usr/bin/cc -fPIC -DCHECK_FUNCTION_EXISTS=pthread_create -rdynamic CMakeFiles/cmTC_33e63.dir/CheckFunctionExists.c.o -o cmTC_33e63  -lpthreads 
/usr/bin/ld: 找不到 -lpthreads
collect2: error: ld returned 1 exit status
make[1]: *** [CMakeFiles/cmTC_33e63.dir/build.make:99：cmTC_33e63] 错误 1
make[1]: 离开目录“/home/john/Project/MyLearning/scanAPP/bin/CMakeFiles/CMakeScratch/TryCompile-fsbDPn”
make: *** [Makefile:127：cmTC_33e63/fast] 错误 2



